<?xml version="1.0" encoding="UTF-8"?>
<testng-results skipped="0" failed="0" ignored="0" total="1" passed="1">
  <reporter-output>
  </reporter-output>
  <suite name="Default suite" duration-ms="4211" started-at="2019-05-04T08:21:20Z" finished-at="2019-05-04T08:21:24Z">
    <groups>
    </groups>
    <test name="Default test" duration-ms="4211" started-at="2019-05-04T08:21:20Z" finished-at="2019-05-04T08:21:24Z">
      <class name="com.api.tests.APITest">
        <test-method status="PASS" signature="Post()[pri:0, instance:com.api.tests.APITest@cc285f4]" name="Post" duration-ms="4169" started-at="2019-05-04T08:21:20Z" finished-at="2019-05-04T08:21:24Z">
          <reporter-output>
          </reporter-output>
        </test-method> <!-- Post -->
      </class> <!-- com.api.tests.APITest -->
    </test> <!-- Default test -->
  </suite> <!-- Default suite -->
</testng-results>
